Build started 4/30/2018 4:15:00 AM.
     1>Project "C:\Users\sean\documents\visual studio 2010\Projects\Array of characters part 2\Array of characters part 2\Array of characters part 2.vcxproj" on node 2 (build target(s)).
     1>InitializeBuildStatus:
         Creating "Debug\Array of characters part 2.unsuccessfulbuild" because "AlwaysCreate" was specified.
       GenerateTargetFrameworkMonikerAttribute:
       Skipping target "GenerateTargetFrameworkMonikerAttribute" because all output files are up-to-date with respect to the input files.
       ClCompile:
         All outputs are up-to-date.
         C:\Program Files (x86)\Microsoft Visual Studio 10.0\VC\bin\CL.exe /c /AI"C:\Program Files (x86)\Reference Assemblies\Microsoft\Framework\.NETFramework\v4.0" /Zi /clr /nologo /W3 /WX- /Od /Oy- /D WIN32 /D _DEBUG /D _UNICODE /D UNICODE /EHa /MDd /GS /fp:precise /Zc:wchar_t /Zc:forScope /Yu"StdAfx.h" /Fp"Debug\Array of characters part 2.pch" /Fo"Debug\\" /Fd"Debug\vc100.pdb" /TP /FU"C:\Program Files (x86)\Reference Assemblies\Microsoft\Framework\.NETFramework\v4.0\System.Core.dll" /FU"C:\Program Files (x86)\Reference Assemblies\Microsoft\Framework\.NETFramework\v4.0\System.Data.dll" /FU"C:\Program Files (x86)\Reference Assemblies\Microsoft\Framework\.NETFramework\v4.0\System.dll" /FU"C:\Program Files (x86)\Reference Assemblies\Microsoft\Framework\.NETFramework\v4.0\System.Xml.dll" /analyze- /errorReport:prompt "Array of characters part 2.cpp" /clr:nostdlib 
         Array of characters part 2.cpp
     1>Array of characters part 2.cpp(25): warning C4996: 'getche': The POSIX name for this item is deprecated. Instead, use the ISO C++ conformant name: _getche. See online help for details.
                 C:\Program Files (x86)\Microsoft Visual Studio 10.0\VC\include\conio.h(129) : see declaration of 'getche'
         All outputs are up-to-date.
       ResourceCompile:
         All outputs are up-to-date.
       Link:
         C:\Program Files (x86)\Microsoft Visual Studio 10.0\VC\bin\link.exe /ERRORREPORT:PROMPT /OUT:"C:\Users\sean\documents\visual studio 2010\Projects\Array of characters part 2\Debug\Array of characters part 2.exe" /INCREMENTAL /NOLOGO /MANIFEST /ManifestFile:"Debug\Array of characters part 2.exe.intermediate.manifest" /MANIFESTUAC:"level='asInvoker' uiAccess='false'" /DEBUG /PDB:"C:\Users\sean\documents\visual studio 2010\Projects\Array of characters part 2\Debug\Array of characters part 2.pdb" /ASSEMBLYDEBUG /TLBID:1 /DYNAMICBASE /FIXED:NO /NXCOMPAT /MACHINE:X86 Debug\app.res
         "Debug\Array of characters part 2.obj"
         Debug\AssemblyInfo.obj
         Debug\stdafx.obj
         "Debug\.NETFramework,Version=v4.0.AssemblyAttributes.obj"
         Array of characters part 2.vcxproj -> C:\Users\sean\documents\visual studio 2010\Projects\Array of characters part 2\Debug\Array of characters part 2.exe
       Manifest:
         C:\Program Files (x86)\Microsoft SDKs\Windows\v7.0A\bin\mt.exe /nologo /verbose /outputresource:"C:\Users\sean\documents\visual studio 2010\Projects\Array of characters part 2\Debug\Array of characters part 2.exe;#1" /manifest "Debug\Array of characters part 2.exe.intermediate.manifest"
       FinalizeBuildStatus:
         Deleting file "Debug\Array of characters part 2.unsuccessfulbuild".
         Touching "Debug\Array of characters part 2.lastbuildstate".
     1>Done Building Project "C:\Users\sean\documents\visual studio 2010\Projects\Array of characters part 2\Array of characters part 2\Array of characters part 2.vcxproj" (build target(s)).

Build succeeded.

Time Elapsed 00:00:00.75
