Build started 3/3/2018 12:11:05 AM.
     1>Project "C:\Users\sean\Documents\Visual Studio 2010\Projects\Lab 5 Part 3\Lab 5 Part 3\Lab 5 Part 3.vcxproj" on node 2 (build target(s)).
     1>InitializeBuildStatus:
         Creating "Debug\Lab 5 Part 3.unsuccessfulbuild" because "AlwaysCreate" was specified.
       GenerateTargetFrameworkMonikerAttribute:
       Skipping target "GenerateTargetFrameworkMonikerAttribute" because all output files are up-to-date with respect to the input files.
       ClCompile:
         All outputs are up-to-date.
         C:\Program Files (x86)\Microsoft Visual Studio 10.0\VC\bin\CL.exe /c /AI"C:\Program Files (x86)\Reference Assemblies\Microsoft\Framework\.NETFramework\v4.0" /Zi /clr /nologo /W3 /WX- /Od /Oy- /D WIN32 /D _DEBUG /D _UNICODE /D UNICODE /EHa /MDd /GS /fp:precise /Zc:wchar_t /Zc:forScope /Yu"StdAfx.h" /Fp"Debug\Lab 5 Part 3.pch" /Fo"Debug\\" /Fd"Debug\vc100.pdb" /TP /FU"C:\Program Files (x86)\Reference Assemblies\Microsoft\Framework\.NETFramework\v4.0\System.Core.dll" /FU"C:\Program Files (x86)\Reference Assemblies\Microsoft\Framework\.NETFramework\v4.0\System.Data.dll" /FU"C:\Program Files (x86)\Reference Assemblies\Microsoft\Framework\.NETFramework\v4.0\System.dll" /FU"C:\Program Files (x86)\Reference Assemblies\Microsoft\Framework\.NETFramework\v4.0\System.Xml.dll" /analyze- /errorReport:prompt "Lab 5 Part 3.cpp" /clr:nostdlib 
         Lab 5 Part 3.cpp
     1>Lab 5 Part 3.cpp(14): warning C4996: 'scanf': This function or variable may be unsafe. Consider using scanf_s instead. To disable deprecation, use _CRT_SECURE_NO_WARNINGS. See online help for details.
                 C:\Program Files (x86)\Microsoft Visual Studio 10.0\VC\include\stdio.h(304) : see declaration of 'scanf'
     1>Lab 5 Part 3.cpp(16): warning C4996: 'scanf': This function or variable may be unsafe. Consider using scanf_s instead. To disable deprecation, use _CRT_SECURE_NO_WARNINGS. See online help for details.
                 C:\Program Files (x86)\Microsoft Visual Studio 10.0\VC\include\stdio.h(304) : see declaration of 'scanf'
     1>Lab 5 Part 3.cpp(18): warning C4244: 'initializing' : conversion from 'double' to 'float', possible loss of data
         All outputs are up-to-date.
       ResourceCompile:
         All outputs are up-to-date.
       Link:
         C:\Program Files (x86)\Microsoft Visual Studio 10.0\VC\bin\link.exe /ERRORREPORT:PROMPT /OUT:"C:\Users\sean\Documents\Visual Studio 2010\Projects\Lab 5 Part 3\Debug\Lab 5 Part 3.exe" /INCREMENTAL /NOLOGO /MANIFEST /ManifestFile:"Debug\Lab 5 Part 3.exe.intermediate.manifest" /MANIFESTUAC:"level='asInvoker' uiAccess='false'" /DEBUG /PDB:"C:\Users\sean\Documents\Visual Studio 2010\Projects\Lab 5 Part 3\Debug\Lab 5 Part 3.pdb" /ASSEMBLYDEBUG /TLBID:1 /DYNAMICBASE /FIXED:NO /NXCOMPAT /MACHINE:X86 Debug\app.res
         Debug\AssemblyInfo.obj
         "Debug\Lab 5 Part 3.obj"
         Debug\stdafx.obj
         "Debug\.NETFramework,Version=v4.0.AssemblyAttributes.obj"
         Lab 5 Part 3.vcxproj -> C:\Users\sean\Documents\Visual Studio 2010\Projects\Lab 5 Part 3\Debug\Lab 5 Part 3.exe
       Manifest:
         C:\Program Files (x86)\Microsoft SDKs\Windows\v7.0A\bin\mt.exe /nologo /verbose /outputresource:"C:\Users\sean\Documents\Visual Studio 2010\Projects\Lab 5 Part 3\Debug\Lab 5 Part 3.exe;#1" /manifest "Debug\Lab 5 Part 3.exe.intermediate.manifest"
       FinalizeBuildStatus:
         Deleting file "Debug\Lab 5 Part 3.unsuccessfulbuild".
         Touching "Debug\Lab 5 Part 3.lastbuildstate".
     1>Done Building Project "C:\Users\sean\Documents\Visual Studio 2010\Projects\Lab 5 Part 3\Lab 5 Part 3\Lab 5 Part 3.vcxproj" (build target(s)).

Build succeeded.

Time Elapsed 00:00:00.68
