Build started 3/28/2018 2:11:49 AM.
     1>Project "C:\Users\sean\Documents\Visual Studio 2010\Projects\at the end of the lab period\at the end of the lab period\at the end of the lab period.vcxproj" on node 2 (build target(s)).
     1>InitializeBuildStatus:
         Creating "Debug\at the end of the lab period.unsuccessfulbuild" because "AlwaysCreate" was specified.
       GenerateTargetFrameworkMonikerAttribute:
       Skipping target "GenerateTargetFrameworkMonikerAttribute" because all output files are up-to-date with respect to the input files.
       ClCompile:
         All outputs are up-to-date.
         C:\Program Files (x86)\Microsoft Visual Studio 10.0\VC\bin\CL.exe /c /AI"C:\Program Files (x86)\Reference Assemblies\Microsoft\Framework\.NETFramework\v4.0" /Zi /clr /nologo /W3 /WX- /Od /Oy- /D WIN32 /D _DEBUG /D _UNICODE /D UNICODE /EHa /MDd /GS /fp:precise /Zc:wchar_t /Zc:forScope /Yu"StdAfx.h" /Fp"Debug\at the end of the lab period.pch" /Fo"Debug\\" /Fd"Debug\vc100.pdb" /TP /FU"C:\Program Files (x86)\Reference Assemblies\Microsoft\Framework\.NETFramework\v4.0\System.Core.dll" /FU"C:\Program Files (x86)\Reference Assemblies\Microsoft\Framework\.NETFramework\v4.0\System.Data.dll" /FU"C:\Program Files (x86)\Reference Assemblies\Microsoft\Framework\.NETFramework\v4.0\System.dll" /FU"C:\Program Files (x86)\Reference Assemblies\Microsoft\Framework\.NETFramework\v4.0\System.Xml.dll" /analyze- /errorReport:prompt "at the end of the lab period.cpp" /clr:nostdlib 
         at the end of the lab period.cpp
         All outputs are up-to-date.
       ResourceCompile:
         All outputs are up-to-date.
       Link:
         C:\Program Files (x86)\Microsoft Visual Studio 10.0\VC\bin\link.exe /ERRORREPORT:PROMPT /OUT:"C:\Users\sean\Documents\Visual Studio 2010\Projects\at the end of the lab period\Debug\at the end of the lab period.exe" /INCREMENTAL /NOLOGO /MANIFEST /ManifestFile:"Debug\at the end of the lab period.exe.intermediate.manifest" /MANIFESTUAC:"level='asInvoker' uiAccess='false'" /DEBUG /PDB:"C:\Users\sean\Documents\Visual Studio 2010\Projects\at the end of the lab period\Debug\at the end of the lab period.pdb" /ASSEMBLYDEBUG /TLBID:1 /DYNAMICBASE /FIXED:NO /NXCOMPAT /MACHINE:X86 Debug\app.res
         Debug\AssemblyInfo.obj
         "Debug\at the end of the lab period.obj"
         Debug\stdafx.obj
         "Debug\.NETFramework,Version=v4.0.AssemblyAttributes.obj"
         at the end of the lab period.vcxproj -> C:\Users\sean\Documents\Visual Studio 2010\Projects\at the end of the lab period\Debug\at the end of the lab period.exe
       Manifest:
         C:\Program Files (x86)\Microsoft SDKs\Windows\v7.0A\bin\mt.exe /nologo /verbose /outputresource:"C:\Users\sean\Documents\Visual Studio 2010\Projects\at the end of the lab period\Debug\at the end of the lab period.exe;#1" /manifest "Debug\at the end of the lab period.exe.intermediate.manifest"
       FinalizeBuildStatus:
         Deleting file "Debug\at the end of the lab period.unsuccessfulbuild".
         Touching "Debug\at the end of the lab period.lastbuildstate".
     1>Done Building Project "C:\Users\sean\Documents\Visual Studio 2010\Projects\at the end of the lab period\at the end of the lab period\at the end of the lab period.vcxproj" (build target(s)).

Build succeeded.

Time Elapsed 00:00:00.70
