Build started 4/17/2018 6:37:57 PM.
     1>Project "c:\Users\sean\documents\visual studio 2010\Projects\Parameter passing to functions\Parameter passing to functions\Parameter passing to functions.vcxproj" on node 2 (build target(s)).
     1>InitializeBuildStatus:
         Creating "Debug\Parameter passing to functions.unsuccessfulbuild" because "AlwaysCreate" was specified.
       GenerateTargetFrameworkMonikerAttribute:
       Skipping target "GenerateTargetFrameworkMonikerAttribute" because all output files are up-to-date with respect to the input files.
       ClCompile:
         All outputs are up-to-date.
         C:\Program Files (x86)\Microsoft Visual Studio 10.0\VC\bin\CL.exe /c /AI"C:\Program Files (x86)\Reference Assemblies\Microsoft\Framework\.NETFramework\v4.0" /Zi /clr /nologo /W3 /WX- /Od /Oy- /D WIN32 /D _DEBUG /D _UNICODE /D UNICODE /EHa /MDd /GS /fp:precise /Zc:wchar_t /Zc:forScope /Yu"StdAfx.h" /Fp"Debug\Parameter passing to functions.pch" /Fo"Debug\\" /Fd"Debug\vc100.pdb" /TP /FU"C:\Program Files (x86)\Reference Assemblies\Microsoft\Framework\.NETFramework\v4.0\System.Core.dll" /FU"C:\Program Files (x86)\Reference Assemblies\Microsoft\Framework\.NETFramework\v4.0\System.Data.dll" /FU"C:\Program Files (x86)\Reference Assemblies\Microsoft\Framework\.NETFramework\v4.0\System.dll" /FU"C:\Program Files (x86)\Reference Assemblies\Microsoft\Framework\.NETFramework\v4.0\System.Xml.dll" /analyze- /errorReport:prompt "Parameter passing to functions.cpp" /clr:nostdlib 
         Parameter passing to functions.cpp
     1>Parameter passing to functions.cpp(19): warning C4996: 'scanf': This function or variable may be unsafe. Consider using scanf_s instead. To disable deprecation, use _CRT_SECURE_NO_WARNINGS. See online help for details.
                 C:\Program Files (x86)\Microsoft Visual Studio 10.0\VC\include\stdio.h(304) : see declaration of 'scanf'
         All outputs are up-to-date.
       ResourceCompile:
         All outputs are up-to-date.
       Link:
         C:\Program Files (x86)\Microsoft Visual Studio 10.0\VC\bin\link.exe /ERRORREPORT:PROMPT /OUT:"c:\users\sean\documents\visual studio 2010\Projects\Parameter passing to functions\Debug\Parameter passing to functions.exe" /INCREMENTAL /NOLOGO /MANIFEST /ManifestFile:"Debug\Parameter passing to functions.exe.intermediate.manifest" /MANIFESTUAC:"level='asInvoker' uiAccess='false'" /DEBUG /PDB:"c:\users\sean\documents\visual studio 2010\Projects\Parameter passing to functions\Debug\Parameter passing to functions.pdb" /ASSEMBLYDEBUG /TLBID:1 /DYNAMICBASE /FIXED:NO /NXCOMPAT /MACHINE:X86 Debug\app.res
         Debug\AssemblyInfo.obj
         "Debug\Parameter passing to functions.obj"
         Debug\stdafx.obj
         "Debug\.NETFramework,Version=v4.0.AssemblyAttributes.obj"
         Parameter passing to functions.vcxproj -> c:\users\sean\documents\visual studio 2010\Projects\Parameter passing to functions\Debug\Parameter passing to functions.exe
       Manifest:
         C:\Program Files (x86)\Microsoft SDKs\Windows\v7.0A\bin\mt.exe /nologo /verbose /outputresource:"c:\users\sean\documents\visual studio 2010\Projects\Parameter passing to functions\Debug\Parameter passing to functions.exe;#1" /manifest "Debug\Parameter passing to functions.exe.intermediate.manifest"
       FinalizeBuildStatus:
         Deleting file "Debug\Parameter passing to functions.unsuccessfulbuild".
         Touching "Debug\Parameter passing to functions.lastbuildstate".
     1>Done Building Project "c:\Users\sean\documents\visual studio 2010\Projects\Parameter passing to functions\Parameter passing to functions\Parameter passing to functions.vcxproj" (build target(s)).

Build succeeded.

Time Elapsed 00:00:00.78
