Build started 4/30/2018 4:11:04 AM.
     1>Project "C:\Users\sean\documents\visual studio 2010\Projects\Arrays of characters\Arrays of characters\Arrays of characters.vcxproj" on node 2 (build target(s)).
     1>InitializeBuildStatus:
         Creating "Debug\Arrays of characters.unsuccessfulbuild" because "AlwaysCreate" was specified.
       GenerateTargetFrameworkMonikerAttribute:
       Skipping target "GenerateTargetFrameworkMonikerAttribute" because all output files are up-to-date with respect to the input files.
       ClCompile:
         All outputs are up-to-date.
         C:\Program Files (x86)\Microsoft Visual Studio 10.0\VC\bin\CL.exe /c /AI"C:\Program Files (x86)\Reference Assemblies\Microsoft\Framework\.NETFramework\v4.0" /Zi /clr /nologo /W3 /WX- /Od /Oy- /D WIN32 /D _DEBUG /D _UNICODE /D UNICODE /EHa /MDd /GS /fp:precise /Zc:wchar_t /Zc:forScope /Yu"StdAfx.h" /Fp"Debug\Arrays of characters.pch" /Fo"Debug\\" /Fd"Debug\vc100.pdb" /TP /FU"C:\Program Files (x86)\Reference Assemblies\Microsoft\Framework\.NETFramework\v4.0\System.Core.dll" /FU"C:\Program Files (x86)\Reference Assemblies\Microsoft\Framework\.NETFramework\v4.0\System.Data.dll" /FU"C:\Program Files (x86)\Reference Assemblies\Microsoft\Framework\.NETFramework\v4.0\System.dll" /FU"C:\Program Files (x86)\Reference Assemblies\Microsoft\Framework\.NETFramework\v4.0\System.Xml.dll" /analyze- /errorReport:prompt "Arrays of characters.cpp" /clr:nostdlib 
         Arrays of characters.cpp
     1>Arrays of characters.cpp(22): warning C4996: 'getche': The POSIX name for this item is deprecated. Instead, use the ISO C++ conformant name: _getche. See online help for details.
                 C:\Program Files (x86)\Microsoft Visual Studio 10.0\VC\include\conio.h(129) : see declaration of 'getche'
     1>Arrays of characters.cpp(15): warning C4101: 'i' : unreferenced local variable
         All outputs are up-to-date.
       ResourceCompile:
         All outputs are up-to-date.
       Link:
         C:\Program Files (x86)\Microsoft Visual Studio 10.0\VC\bin\link.exe /ERRORREPORT:PROMPT /OUT:"C:\Users\sean\documents\visual studio 2010\Projects\Arrays of characters\Debug\Arrays of characters.exe" /INCREMENTAL /NOLOGO /MANIFEST /ManifestFile:"Debug\Arrays of characters.exe.intermediate.manifest" /MANIFESTUAC:"level='asInvoker' uiAccess='false'" /DEBUG /PDB:"C:\Users\sean\documents\visual studio 2010\Projects\Arrays of characters\Debug\Arrays of characters.pdb" /ASSEMBLYDEBUG /TLBID:1 /DYNAMICBASE /FIXED:NO /NXCOMPAT /MACHINE:X86 Debug\app.res
         "Debug\Arrays of characters.obj"
         Debug\AssemblyInfo.obj
         Debug\stdafx.obj
         "Debug\.NETFramework,Version=v4.0.AssemblyAttributes.obj"
         Arrays of characters.vcxproj -> C:\Users\sean\documents\visual studio 2010\Projects\Arrays of characters\Debug\Arrays of characters.exe
       Manifest:
         C:\Program Files (x86)\Microsoft SDKs\Windows\v7.0A\bin\mt.exe /nologo /verbose /outputresource:"C:\Users\sean\documents\visual studio 2010\Projects\Arrays of characters\Debug\Arrays of characters.exe;#1" /manifest "Debug\Arrays of characters.exe.intermediate.manifest"
       FinalizeBuildStatus:
         Deleting file "Debug\Arrays of characters.unsuccessfulbuild".
         Touching "Debug\Arrays of characters.lastbuildstate".
     1>Done Building Project "C:\Users\sean\documents\visual studio 2010\Projects\Arrays of characters\Arrays of characters\Arrays of characters.vcxproj" (build target(s)).

Build succeeded.

Time Elapsed 00:00:00.74
